d:\университет\gabi programi cpp\iml\iml\debug\vc141.pdb
d:\университет\gabi programi cpp\iml\iml\debug\vc141.idb
d:\университет\gabi programi cpp\iml\iml\debug\srt_slc.obj
d:\университет\gabi programi cpp\iml\iml\debug\srt_dst.obj
d:\университет\gabi programi cpp\iml\iml\debug\num.obj
d:\университет\gabi programi cpp\iml\iml\debug\map_mlt.obj
d:\университет\gabi programi cpp\iml\iml\debug\map_inc.obj
d:\университет\gabi programi cpp\iml\iml\debug\iml.obj
d:\университет\gabi programi cpp\iml\iml\debug\iml.pch
d:\университет\gabi programi cpp\iml\iml\debug\pch.obj
d:\университет\gabi programi cpp\iml\iml\debug\tag.obj
d:\университет\gabi programi cpp\iml\debug\iml.exe
d:\университет\gabi programi cpp\iml\debug\iml.ilk
d:\университет\gabi programi cpp\iml\debug\iml.pdb
d:\университет\gabi programi cpp\iml\iml\debug\iml.tlog\cl.command.1.tlog
d:\университет\gabi programi cpp\iml\iml\debug\iml.tlog\cl.read.1.tlog
d:\университет\gabi programi cpp\iml\iml\debug\iml.tlog\cl.write.1.tlog
d:\университет\gabi programi cpp\iml\iml\debug\iml.tlog\link.command.1.tlog
d:\университет\gabi programi cpp\iml\iml\debug\iml.tlog\link.read.1.tlog
d:\университет\gabi programi cpp\iml\iml\debug\iml.tlog\link.write.1.tlog
